[15:52:20] [ServerMain/INFO]: Environment: Environment[accountsHost=https://api.mojang.com, sessionHost=https://sessionserver.mojang.com, servicesHost=https://api.minecraftservices.com, name=PROD]
[15:52:26] [ServerMain/INFO]: Loaded 7 recipes
[15:52:26] [ServerMain/INFO]: Loaded 1271 advancements
[15:52:27] [Server thread/INFO]: Starting minecraft server version 1.20.2
[15:52:27] [Server thread/INFO]: Loading properties
[15:52:27] [Server thread/INFO]: Default game type: SURVIVAL
[15:52:27] [Server thread/INFO]: Generating keypair
[15:52:28] [Server thread/INFO]: Starting Minecraft server on *:25565
[15:52:28] [Server thread/INFO]: Using epoll channel type
[15:52:28] [Server thread/WARN]: **** SERVER IS RUNNING IN OFFLINE/INSECURE MODE!
[15:52:28] [Server thread/WARN]: The server will make no attempt to authenticate usernames. Beware.
[15:52:28] [Server thread/WARN]: While this makes the game possible to play without internet access, it also opens up the ability for hackers to connect with any username they choose.
[15:52:28] [Server thread/WARN]: To change this, set "online-mode" to "true" in the server.properties file.
[15:52:28] [Server thread/INFO]: Preparing level "world"
[15:52:41] [Server thread/INFO]: Preparing start region for dimension minecraft:overworld
[15:52:47] [Worker-Main-1/INFO]: Preparing spawn area: 0%
[15:52:47] [Worker-Main-1/INFO]: Preparing spawn area: 0%
[15:52:47] [Worker-Main-1/INFO]: Preparing spawn area: 0%
[15:52:47] [Worker-Main-1/INFO]: Preparing spawn area: 0%
[15:52:48] [Worker-Main-1/INFO]: Preparing spawn area: 0%
[15:52:48] [Worker-Main-1/INFO]: Preparing spawn area: 0%
[15:52:48] [Worker-Main-1/INFO]: Preparing spawn area: 0%
[15:52:48] [Worker-Main-1/INFO]: Preparing spawn area: 0%
[15:52:48] [Worker-Main-1/INFO]: Preparing spawn area: 0%
[15:52:48] [Worker-Main-1/INFO]: Preparing spawn area: 0%
[15:52:49] [Worker-Main-1/INFO]: Preparing spawn area: 0%
[15:52:49] [Worker-Main-1/INFO]: Preparing spawn area: 0%
[15:52:49] [Worker-Main-1/INFO]: Preparing spawn area: 0%
[15:52:49] [Worker-Main-1/INFO]: Preparing spawn area: 0%
[15:52:49] [Worker-Main-1/INFO]: Preparing spawn area: 0%
[15:52:49] [Worker-Main-1/INFO]: Preparing spawn area: 0%
[15:52:49] [Worker-Main-1/INFO]: Preparing spawn area: 0%
[15:52:50] [Worker-Main-1/INFO]: Preparing spawn area: 0%
[15:52:50] [Worker-Main-1/INFO]: Preparing spawn area: 0%
[15:52:51] [Worker-Main-1/INFO]: Preparing spawn area: 0%
[15:52:51] [Worker-Main-1/INFO]: Preparing spawn area: 0%
[15:52:52] [Worker-Main-1/INFO]: Preparing spawn area: 0%
[15:52:52] [Worker-Main-1/INFO]: Preparing spawn area: 0%
[15:52:53] [Worker-Main-1/INFO]: Preparing spawn area: 0%
[15:52:53] [Worker-Main-1/INFO]: Preparing spawn area: 0%
[15:52:54] [Worker-Main-1/INFO]: Preparing spawn area: 0%
[15:52:54] [Worker-Main-1/INFO]: Preparing spawn area: 0%
[15:52:55] [Worker-Main-1/INFO]: Preparing spawn area: 0%
[15:52:55] [Worker-Main-1/INFO]: Preparing spawn area: 0%
[15:52:56] [Worker-Main-1/INFO]: Preparing spawn area: 0%
[15:52:56] [Worker-Main-1/INFO]: Preparing spawn area: 0%
[15:52:57] [Worker-Main-1/INFO]: Preparing spawn area: 0%
[15:52:57] [Worker-Main-1/INFO]: Preparing spawn area: 6%
[15:52:58] [Server thread/INFO]: Time elapsed: 16710 ms
[15:52:58] [Server thread/INFO]: Done (29.526s)! For help, type "help"
[15:53:38] [Server thread/INFO]: Switchblade19[/[0:0:0:0:0:0:0:1%0]:43910] logged in with entity id 109 at (-359.6374654679425, 85.0, 758.6886684607522)
[15:53:38] [Server thread/INFO]: Switchblade19 joined the game
[15:53:44] [Server thread/WARN]: Can't keep up! Is the server overloaded? Running 5822ms or 116 ticks behind
[16:01:28] [Server thread/INFO]: miguel1234[/[0:0:0:0:0:0:0:1%0]:51594] logged in with entity id 1675 at (-385.5, 91.5625, 701.5)
[16:01:28] [Server thread/INFO]: miguel1234 joined the game
